<?xml version="1.0" encoding="UTF-8"?>
<!-- Generated by org.testng.reporters.JUnitXMLReporter -->
<testsuite hostname="LAPTOP-71EK8G5E" ignored="0" name="Default test" tests="2" failures="0" timestamp="2020-06-07T12:51:55 IST" time="24.155" errors="0">
  <testcase name="LoginPage" time="1.215" classname="com.cucumber.Udemy.AmazonAddtoCart.LoginPageTest"/>
  <testcase name="LogintoApp" time="3.869" classname="com.cucumber.Udemy.AmazonAddtoCart.LoginPageTest"/>
</testsuite> <!-- Default test -->
