<?xml version="1.0" encoding="UTF-8"?>
<testng-results skipped="0" failed="0" ignored="0" total="2" passed="2">
  <reporter-output>
  </reporter-output>
  <suite name="Default suite" duration-ms="24155" started-at="2020-06-07T12:51:31 IST" finished-at="2020-06-07T12:51:55 IST">
    <groups>
    </groups>
    <test name="Default test" duration-ms="24155" started-at="2020-06-07T12:51:31 IST" finished-at="2020-06-07T12:51:55 IST">
      <class name="com.cucumber.Udemy.AmazonAddtoCart.LoginPageTest">
        <test-method status="PASS" signature="setup()[pri:0, instance:com.cucumber.Udemy.AmazonAddtoCart.LoginPageTest@30b8a058]" name="setup" is-config="true" duration-ms="9064" started-at="2020-06-07T12:51:31 IST" finished-at="2020-06-07T12:51:40 IST">
          <reporter-output>
          </reporter-output>
        </test-method> <!-- setup -->
        <test-method status="PASS" signature="LoginPage()[pri:1, instance:com.cucumber.Udemy.AmazonAddtoCart.LoginPageTest@30b8a058]" name="LoginPage" duration-ms="1215" started-at="2020-06-07T12:51:40 IST" finished-at="2020-06-07T12:51:41 IST">
          <reporter-output>
          </reporter-output>
        </test-method> <!-- LoginPage -->
        <test-method status="PASS" signature="tearDown()[pri:0, instance:com.cucumber.Udemy.AmazonAddtoCart.LoginPageTest@30b8a058]" name="tearDown" is-config="true" duration-ms="765" started-at="2020-06-07T12:51:41 IST" finished-at="2020-06-07T12:51:42 IST">
          <reporter-output>
          </reporter-output>
        </test-method> <!-- tearDown -->
        <test-method status="PASS" signature="setup()[pri:0, instance:com.cucumber.Udemy.AmazonAddtoCart.LoginPageTest@30b8a058]" name="setup" is-config="true" duration-ms="8494" started-at="2020-06-07T12:51:42 IST" finished-at="2020-06-07T12:51:50 IST">
          <reporter-output>
          </reporter-output>
        </test-method> <!-- setup -->
        <test-method status="PASS" signature="LogintoApp()[pri:2, instance:com.cucumber.Udemy.AmazonAddtoCart.LoginPageTest@30b8a058]" name="LogintoApp" duration-ms="3869" started-at="2020-06-07T12:51:50 IST" finished-at="2020-06-07T12:51:54 IST">
          <reporter-output>
          </reporter-output>
        </test-method> <!-- LogintoApp -->
        <test-method status="PASS" signature="tearDown()[pri:0, instance:com.cucumber.Udemy.AmazonAddtoCart.LoginPageTest@30b8a058]" name="tearDown" is-config="true" duration-ms="707" started-at="2020-06-07T12:51:54 IST" finished-at="2020-06-07T12:51:55 IST">
          <reporter-output>
          </reporter-output>
        </test-method> <!-- tearDown -->
      </class> <!-- com.cucumber.Udemy.AmazonAddtoCart.LoginPageTest -->
    </test> <!-- Default test -->
  </suite> <!-- Default suite -->
</testng-results>
